<?xml version="1.0" encoding="UTF-8"?>
<!-- Generated by org.testng.reporters.JUnitXMLReporter -->
<testsuite hostname="BDC11-L-7200HHJ" name="Default test" tests="3" failures="0" timestamp="24 Dec 2018 17:07:19 GMT" time="22.394" errors="0">
  <testcase name="fblogodisplaytest" time="0.12" classname="com.mascamo.dev.TestCases.LoginPageTest"/>
  <testcase name="validlogintest" time="7.818" classname="com.mascamo.dev.TestCases.LoginPageTest"/>
  <testcase name="homepageloginprofiletest" time="1.016" classname="com.mascamo.dev.TestCases.LoginPageTest"/>
</testsuite> <!-- Default test -->
