<?xml version="1.0" encoding="UTF-8"?>
<testng-results skipped="0" failed="0" total="2" passed="2">
  <reporter-output>
  </reporter-output>
  <suite name="Default suite" duration-ms="36297" started-at="2018-11-17T11:07:08Z" finished-at="2018-11-17T11:07:44Z">
    <groups>
    </groups>
    <test name="Default test" duration-ms="36297" started-at="2018-11-17T11:07:08Z" finished-at="2018-11-17T11:07:44Z">
      <class name="com.mascamo.dev.TestCases.LoginPageTest">
        <test-method status="PASS" signature="setup()[pri:0, instance:com.mascamo.dev.TestCases.LoginPageTest@61832929]" name="setup" is-config="true" duration-ms="18063" started-at="2018-11-17T16:37:08Z" finished-at="2018-11-17T16:37:26Z">
          <reporter-output>
          </reporter-output>
        </test-method> <!-- setup -->
        <test-method status="PASS" signature="fblogodislaytest()[pri:0, instance:com.mascamo.dev.TestCases.LoginPageTest@61832929]" name="fblogodislaytest" duration-ms="126" started-at="2018-11-17T16:37:26Z" finished-at="2018-11-17T16:37:26Z">
          <reporter-output>
          </reporter-output>
        </test-method> <!-- fblogodislaytest -->
        <test-method status="PASS" signature="fbpagelogintest()[pri:0, instance:com.mascamo.dev.TestCases.LoginPageTest@61832929]" name="fbpagelogintest" duration-ms="16503" started-at="2018-11-17T16:37:26Z" finished-at="2018-11-17T16:37:43Z">
          <reporter-output>
          </reporter-output>
        </test-method> <!-- fbpagelogintest -->
        <test-method status="PASS" signature="teardown()[pri:0, instance:com.mascamo.dev.TestCases.LoginPageTest@61832929]" name="teardown" is-config="true" duration-ms="1580" started-at="2018-11-17T16:37:43Z" finished-at="2018-11-17T16:37:44Z">
          <reporter-output>
          </reporter-output>
        </test-method> <!-- teardown -->
      </class> <!-- com.mascamo.dev.TestCases.LoginPageTest -->
    </test> <!-- Default test -->
  </suite> <!-- Default suite -->
</testng-results>
