<?xml version="1.0" encoding="UTF-8"?>
<testng-results skipped="0" failed="0" total="1" passed="1">
  <reporter-output>
  </reporter-output>
  <suite name="Suite" duration-ms="52" started-at="2019-01-15T17:31:31Z" finished-at="2019-01-15T17:31:31Z">
    <groups>
      <group name="group2">
        <method signature="MavenUserTest.user2()[pri:0, instance:com.mascamo.dev.TestCases.MavenUserTest@39aeed2f]" name="user2" class="com.mascamo.dev.TestCases.MavenUserTest"/>
      </group> <!-- group2 -->
    </groups>
    <test name="AllUsers" duration-ms="52" started-at="2019-01-15T17:31:31Z" finished-at="2019-01-15T17:31:31Z">
      <class name="com.mascamo.dev.TestCases.MavenUserTest">
        <test-method status="PASS" signature="user2()[pri:0, instance:com.mascamo.dev.TestCases.MavenUserTest@39aeed2f]" name="user2" duration-ms="21" started-at="2019-01-15T23:01:31Z" finished-at="2019-01-15T23:01:31Z">
          <reporter-output>
          </reporter-output>
        </test-method> <!-- user2 -->
      </class> <!-- com.mascamo.dev.TestCases.MavenUserTest -->
    </test> <!-- AllUsers -->
  </suite> <!-- Suite -->
</testng-results>
