<?xml version="1.0" encoding="UTF-8"?>
<!-- Generated by org.testng.reporters.JUnitXMLReporter -->
<testsuite hostname="BDC11-L-7200HHJ" name="AllUsers" tests="4" failures="0" timestamp="10 Nov 2018 04:04:24 GMT" time="0.05" errors="0">
  <testcase name="user1" time="0.016" classname="com.mascamo.dev.TestCases.MavenUserTest"/>
  <testcase name="user2" time="0.002" classname="com.mascamo.dev.TestCases.MavenUserTest"/>
  <testcase name="PremiumUserTest1" time="0.001" classname="com.mascamo.dev.TestCases.PremiumUserTest"/>
  <testcase name="PremiumUserTest2" time="0.003" classname="com.mascamo.dev.TestCases.PremiumUserTest"/>
</testsuite> <!-- AllUsers -->
